<?xml version="1.0" encoding="UTF-8"?>
<!-- Generated by org.testng.reporters.JUnitReportReporter -->
<testsuite hostname="DESKTOP-NRKFARI" failures="0" tests="4" name="week3.day2.restassuredTestNGDataProvider.RequestChaining" time="13.533" errors="0" timestamp="2025-05-18T13:33:25 IST" skipped="0">
  <testcase classname="week3.day2.restassuredTestNGDataProvider.RequestChaining" name="create" time="5.705"/>
  <testcase classname="week3.day2.restassuredTestNGDataProvider.RequestChaining" name="get" time="2.433"/>
  <testcase classname="week3.day2.restassuredTestNGDataProvider.RequestChaining" name="update" time="2.501"/>
  <testcase classname="week3.day2.restassuredTestNGDataProvider.RequestChaining" name="delete" time="2.894"/>
</testsuite> <!-- week3.day2.restassuredTestNGDataProvider.RequestChaining -->
