<?xml version="1.0" encoding="UTF-8"?>
<!-- Generated by org.testng.reporters.JUnitReportReporter -->
<testsuite hostname="DESKTOP-NRKFARI" failures="0" tests="2" name="week3.day2.restassuredTestNGDataProvider.Post_CreateNewRecordusingPOGODynamic" time="10.288" errors="0" timestamp="2025-05-18T12:34:16 IST" skipped="0">
  <testcase classname="week3.day2.restassuredTestNGDataProvider.Post_CreateNewRecordusingPOGODynamic" name="createData" time="7.387"/>
  <testcase classname="week3.day2.restassuredTestNGDataProvider.Post_CreateNewRecordusingPOGODynamic" name="createData" time="2.901"/>
</testsuite> <!-- week3.day2.restassuredTestNGDataProvider.Post_CreateNewRecordusingPOGODynamic -->
